{"C:\\Users\\Naturalink\\Localweb\\dormakaba_apply_project\\server\\src\\app.ts": {"path":"C:\\Users\\Naturalink\\Localweb\\dormakaba_apply_project\\server\\src\\app.ts","statementMap":{"0":{"start":{"line":1,"column":0},"end":{"line":1,"column":30}},"1":{"start":{"line":2,"column":0},"end":{"line":2,"column":42}},"2":{"start":{"line":3,"column":0},"end":{"line":3,"column":24}},"3":{"start":{"line":4,"column":0},"end":{"line":4,"column":60}},"4":{"start":{"line":5,"column":0},"end":{"line":5,"column":56}},"5":{"start":{"line":12,"column":38},"end":{"line":14,"column":null}},"6":{"start":{"line":23,"column":8},"end":{"line":23,"column":29}},"7":{"start":{"line":24,"column":8},"end":{"line":24,"column":25}},"8":{"start":{"line":27,"column":8},"end":{"line":27,"column":40}},"9":{"start":{"line":28,"column":8},"end":{"line":28,"column":64}},"10":{"start":{"line":29,"column":8},"end":{"line":29,"column":40}},"11":{"start":{"line":30,"column":8},"end":{"line":30,"column":37}},"12":{"start":{"line":31,"column":8},"end":{"line":31,"column":38}},"13":{"start":{"line":34,"column":8},"end":{"line":34,"column":20}},"14":{"start":{"line":36,"column":8},"end":{"line":38,"column":11}},"15":{"start":{"line":37,"column":12},"end":{"line":37,"column":null}},"16":{"start":{"line":42,"column":8},"end":{"line":42,"column":24}},"17":{"start":{"line":46,"column":8},"end":{"line":48,"column":11}},"18":{"start":{"line":47,"column":12},"end":{"line":47,"column":57}},"19":{"start":{"line":52,"column":0},"end":{"line":52,"column":19}}},"fnMap":{"0":{"name":"(anonymous_7)","decl":{"start":{"line":21,"column":4},"end":{"line":21,"column":16}},"loc":{"start":{"line":21,"column":55},"end":{"line":39,"column":5}}},"1":{"name":"(anonymous_8)","decl":{"start":{"line":36,"column":24},"end":{"line":36,"column":25}},"loc":{"start":{"line":36,"column":51},"end":{"line":38,"column":9}}},"2":{"name":"(anonymous_9)","decl":{"start":{"line":41,"column":11},"end":{"line":41,"column":20}},"loc":{"start":{"line":41,"column":20},"end":{"line":43,"column":5}}},"3":{"name":"(anonymous_10)","decl":{"start":{"line":45,"column":11},"end":{"line":45,"column":17}},"loc":{"start":{"line":45,"column":17},"end":{"line":49,"column":5}}},"4":{"name":"(anonymous_11)","decl":{"start":{"line":46,"column":35},"end":{"line":46,"column":38}},"loc":{"start":{"line":46,"column":40},"end":{"line":48,"column":9}}}},"branchMap":{},"s":{"0":1,"1":1,"2":1,"3":1,"4":1,"5":1,"6":1,"7":1,"8":1,"9":1,"10":1,"11":1,"12":1,"13":1,"14":1,"15":1,"16":4,"17":0,"18":0,"19":1},"f":{"0":1,"1":1,"2":4,"3":0,"4":0},"b":{}}
,"C:\\Users\\Naturalink\\Localweb\\dormakaba_apply_project\\server\\src\\exceptions\\HttpException.ts": {"path":"C:\\Users\\Naturalink\\Localweb\\dormakaba_apply_project\\server\\src\\exceptions\\HttpException.ts","statementMap":{"0":{"start":{"line":7,"column":8},"end":{"line":7,"column":23}},"1":{"start":{"line":8,"column":8},"end":{"line":8,"column":29}},"2":{"start":{"line":9,"column":8},"end":{"line":9,"column":31}},"3":{"start":{"line":13,"column":0},"end":{"line":13,"column":29}}},"fnMap":{"0":{"name":"(anonymous_0)","decl":{"start":{"line":6,"column":4},"end":{"line":6,"column":16}},"loc":{"start":{"line":6,"column":47},"end":{"line":10,"column":5}}}},"branchMap":{},"s":{"0":1,"1":1,"2":1,"3":1},"f":{"0":1},"b":{}}
,"C:\\Users\\Naturalink\\Localweb\\dormakaba_apply_project\\server\\src\\henns\\henns.controller.ts": {"path":"C:\\Users\\Naturalink\\Localweb\\dormakaba_apply_project\\server\\src\\henns\\henns.controller.ts","statementMap":{"0":{"start":{"line":1,"column":0},"end":{"line":1,"column":35}},"1":{"start":{"line":4,"column":0},"end":{"line":4,"column":39}},"2":{"start":{"line":5,"column":0},"end":{"line":5,"column":56}},"3":{"start":{"line":9,"column":11},"end":{"line":9,"column":35}},"4":{"start":{"line":10,"column":11},"end":{"line":10,"column":53}},"5":{"start":{"line":11,"column":12},"end":{"line":11,"column":31}},"6":{"start":{"line":23,"column":4},"end":{"line":27,"column":null}},"7":{"start":{"line":24,"column":8},"end":{"line":26,"column":11}},"8":{"start":{"line":25,"column":12},"end":{"line":25,"column":42}},"9":{"start":{"line":29,"column":4},"end":{"line":38,"column":null}},"10":{"start":{"line":30,"column":28},"end":{"line":34,"column":null}},"11":{"start":{"line":35,"column":8},"end":{"line":37,"column":null}},"12":{"start":{"line":36,"column":24},"end":{"line":36,"column":52}},"13":{"start":{"line":37,"column":22},"end":{"line":37,"column":63}},"14":{"start":{"line":40,"column":4},"end":{"line":46,"column":null}},"15":{"start":{"line":41,"column":19},"end":{"line":41,"column":32}},"16":{"start":{"line":42,"column":31},"end":{"line":42,"column":39}},"17":{"start":{"line":43,"column":8},"end":{"line":45,"column":null}},"18":{"start":{"line":44,"column":24},"end":{"line":44,"column":52}},"19":{"start":{"line":45,"column":22},"end":{"line":45,"column":63}},"20":{"start":{"line":14,"column":8},"end":{"line":14,"column":26}},"21":{"start":{"line":18,"column":8},"end":{"line":18,"column":53}},"22":{"start":{"line":19,"column":8},"end":{"line":19,"column":53}},"23":{"start":{"line":20,"column":8},"end":{"line":20,"column":63}},"24":{"start":{"line":49,"column":0},"end":{"line":49,"column":30}}},"fnMap":{"0":{"name":"(anonymous_7)","decl":{"start":{"line":13,"column":4},"end":{"line":13,"column":null}},"loc":{"start":{"line":13,"column":4},"end":{"line":15,"column":5}}},"1":{"name":"(anonymous_8)","decl":{"start":{"line":23,"column":18},"end":{"line":23,"column":23}},"loc":{"start":{"line":23,"column":56},"end":{"line":27,"column":5}}},"2":{"name":"(anonymous_9)","decl":{"start":{"line":24,"column":31},"end":{"line":24,"column":32}},"loc":{"start":{"line":24,"column":43},"end":{"line":26,"column":9}}},"3":{"name":"(anonymous_10)","decl":{"start":{"line":29,"column":17},"end":{"line":29,"column":22}},"loc":{"start":{"line":29,"column":75},"end":{"line":38,"column":5}}},"4":{"name":"(anonymous_11)","decl":{"start":{"line":36,"column":14},"end":{"line":36,"column":20}},"loc":{"start":{"line":36,"column":24},"end":{"line":36,"column":52}}},"5":{"name":"(anonymous_12)","decl":{"start":{"line":37,"column":15},"end":{"line":37,"column":18}},"loc":{"start":{"line":37,"column":22},"end":{"line":37,"column":63}}},"6":{"name":"(anonymous_13)","decl":{"start":{"line":40,"column":17},"end":{"line":40,"column":22}},"loc":{"start":{"line":40,"column":75},"end":{"line":46,"column":5}}},"7":{"name":"(anonymous_14)","decl":{"start":{"line":44,"column":14},"end":{"line":44,"column":20}},"loc":{"start":{"line":44,"column":24},"end":{"line":44,"column":52}}},"8":{"name":"(anonymous_15)","decl":{"start":{"line":45,"column":15},"end":{"line":45,"column":18}},"loc":{"start":{"line":45,"column":22},"end":{"line":45,"column":63}}},"9":{"name":"(anonymous_16)","decl":{"start":{"line":17,"column":4},"end":{"line":17,"column":14}},"loc":{"start":{"line":17,"column":14},"end":{"line":21,"column":5}}}},"branchMap":{},"s":{"0":1,"1":1,"2":1,"3":1,"4":1,"5":1,"6":1,"7":1,"8":1,"9":1,"10":2,"11":2,"12":1,"13":1,"14":1,"15":1,"16":1,"17":1,"18":1,"19":0,"20":1,"21":1,"22":1,"23":1,"24":1},"f":{"0":1,"1":1,"2":1,"3":2,"4":1,"5":1,"6":1,"7":1,"8":0,"9":1},"b":{}}
,"C:\\Users\\Naturalink\\Localweb\\dormakaba_apply_project\\server\\src\\henns\\henns.model.ts": {"path":"C:\\Users\\Naturalink\\Localweb\\dormakaba_apply_project\\server\\src\\henns\\henns.model.ts","statementMap":{"0":{"start":{"line":1,"column":0},"end":{"line":1,"column":37}},"1":{"start":{"line":4,"column":19},"end":{"line":19,"column":2}},"2":{"start":{"line":21,"column":18},"end":{"line":21,"column":79}},"3":{"start":{"line":23,"column":0},"end":{"line":23,"column":25}}},"fnMap":{},"branchMap":{},"s":{"0":1,"1":1,"2":1,"3":1},"f":{},"b":{}}
,"C:\\Users\\Naturalink\\Localweb\\dormakaba_apply_project\\server\\src\\middleware\\error.middleware.ts": {"path":"C:\\Users\\Naturalink\\Localweb\\dormakaba_apply_project\\server\\src\\middleware\\error.middleware.ts","statementMap":{"0":{"start":{"line":6,"column":27},"end":{"line":6,"column":46}},"1":{"start":{"line":7,"column":28},"end":{"line":7,"column":63}},"2":{"start":{"line":8,"column":4},"end":{"line":10,"column":null}},"3":{"start":{"line":13,"column":0},"end":{"line":13,"column":31}}},"fnMap":{"0":{"name":"errorMiddleware","decl":{"start":{"line":5,"column":9},"end":{"line":5,"column":24}},"loc":{"start":{"line":5,"column":94},"end":{"line":11,"column":1}}}},"branchMap":{"0":{"loc":{"start":{"line":6,"column":27},"end":{"line":6,"column":46}},"type":"binary-expr","locations":[{"start":{"line":6,"column":27},"end":{"line":6,"column":39}},{"start":{"line":6,"column":43},"end":{"line":6,"column":46}}]},"1":{"loc":{"start":{"line":7,"column":28},"end":{"line":7,"column":63}},"type":"binary-expr","locations":[{"start":{"line":7,"column":28},"end":{"line":7,"column":41}},{"start":{"line":7,"column":45},"end":{"line":7,"column":63}}]}},"s":{"0":0,"1":0,"2":0,"3":1},"f":{"0":0},"b":{"0":[0,0],"1":[0,0]}}
,"C:\\Users\\Naturalink\\Localweb\\dormakaba_apply_project\\server\\src\\services\\database.service.ts": {"path":"C:\\Users\\Naturalink\\Localweb\\dormakaba_apply_project\\server\\src\\services\\database.service.ts","statementMap":{"0":{"start":{"line":2,"column":0},"end":{"line":2,"column":33}},"1":{"start":{"line":3,"column":0},"end":{"line":3,"column":32}},"2":{"start":{"line":8,"column":4},"end":{"line":21,"column":7}},"3":{"start":{"line":10,"column":8},"end":{"line":10,"column":24}},"4":{"start":{"line":12,"column":39},"end":{"line":12,"column":50}},"5":{"start":{"line":13,"column":8},"end":{"line":13,"column":67}},"6":{"start":{"line":14,"column":8},"end":{"line":20,"column":null}},"7":{"start":{"line":16,"column":12},"end":{"line":16,"column":58}},"8":{"start":{"line":19,"column":12},"end":{"line":19,"column":24}},"9":{"start":{"line":7,"column":0},"end":{"line":7,"column":7}}},"fnMap":{"0":{"name":"connectBD","decl":{"start":{"line":7,"column":22},"end":{"line":7,"column":31}},"loc":{"start":{"line":7,"column":31},"end":{"line":22,"column":1}}},"1":{"name":"(anonymous_8)","decl":{"start":{"line":8,"column":31},"end":{"line":8,"column":36}},"loc":{"start":{"line":8,"column":56},"end":{"line":21,"column":5}}},"2":{"name":"(anonymous_9)","decl":{"start":{"line":15,"column":14},"end":{"line":15,"column":17}},"loc":{"start":{"line":15,"column":19},"end":{"line":17,"column":9}}},"3":{"name":"(anonymous_10)","decl":{"start":{"line":18,"column":15},"end":{"line":18,"column":16}},"loc":{"start":{"line":18,"column":23},"end":{"line":20,"column":9}}}},"branchMap":{},"s":{"0":1,"1":1,"2":1,"3":1,"4":1,"5":1,"6":1,"7":1,"8":0,"9":1},"f":{"0":1,"1":1,"2":1,"3":0},"b":{}}
}
