TN:
SF:src\app.ts
FN:21,(anonymous_7)
FN:36,(anonymous_8)
FN:41,(anonymous_9)
FN:45,(anonymous_10)
FN:46,(anonymous_11)
FNF:5
FNH:3
FNDA:1,(anonymous_7)
FNDA:1,(anonymous_8)
FNDA:4,(anonymous_9)
FNDA:0,(anonymous_10)
FNDA:0,(anonymous_11)
DA:1,1
DA:2,1
DA:3,1
DA:4,1
DA:5,1
DA:12,1
DA:23,1
DA:24,1
DA:27,1
DA:28,1
DA:29,1
DA:30,1
DA:31,1
DA:34,1
DA:36,1
DA:37,1
DA:42,4
DA:46,0
DA:47,0
DA:52,1
LF:20
LH:18
BRF:0
BRH:0
end_of_record
TN:
SF:src\exceptions\HttpException.ts
FN:6,(anonymous_0)
FNF:1
FNH:1
FNDA:1,(anonymous_0)
DA:7,1
DA:8,1
DA:9,1
DA:13,1
LF:4
LH:4
BRF:0
BRH:0
end_of_record
TN:
SF:src\henns\henns.controller.ts
FN:13,(anonymous_7)
FN:23,(anonymous_8)
FN:24,(anonymous_9)
FN:29,(anonymous_10)
FN:36,(anonymous_11)
FN:37,(anonymous_12)
FN:40,(anonymous_13)
FN:44,(anonymous_14)
FN:45,(anonymous_15)
FN:17,(anonymous_16)
FNF:10
FNH:9
FNDA:1,(anonymous_7)
FNDA:1,(anonymous_8)
FNDA:1,(anonymous_9)
FNDA:2,(anonymous_10)
FNDA:1,(anonymous_11)
FNDA:1,(anonymous_12)
FNDA:1,(anonymous_13)
FNDA:1,(anonymous_14)
FNDA:0,(anonymous_15)
FNDA:1,(anonymous_16)
DA:1,1
DA:4,1
DA:5,1
DA:9,1
DA:10,1
DA:11,1
DA:14,1
DA:18,1
DA:19,1
DA:20,1
DA:23,1
DA:24,1
DA:25,1
DA:29,1
DA:30,2
DA:35,2
DA:36,1
DA:37,1
DA:40,1
DA:41,1
DA:42,1
DA:43,1
DA:44,1
DA:45,0
DA:49,1
LF:25
LH:24
BRF:0
BRH:0
end_of_record
TN:
SF:src\henns\henns.model.ts
FNF:0
FNH:0
DA:1,1
DA:4,1
DA:21,1
DA:23,1
LF:4
LH:4
BRF:0
BRH:0
end_of_record
TN:
SF:src\middleware\error.middleware.ts
FN:5,errorMiddleware
FNF:1
FNH:0
FNDA:0,errorMiddleware
DA:6,0
DA:7,0
DA:8,0
DA:13,1
LF:4
LH:1
BRDA:6,0,0,0
BRDA:6,0,1,0
BRDA:7,1,0,0
BRDA:7,1,1,0
BRF:4
BRH:0
end_of_record
TN:
SF:src\services\database.service.ts
FN:7,connectBD
FN:8,(anonymous_8)
FN:15,(anonymous_9)
FN:18,(anonymous_10)
FNF:4
FNH:3
FNDA:1,connectBD
FNDA:1,(anonymous_8)
FNDA:1,(anonymous_9)
FNDA:0,(anonymous_10)
DA:2,1
DA:3,1
DA:7,1
DA:8,1
DA:10,1
DA:12,1
DA:13,1
DA:14,1
DA:16,1
DA:19,0
LF:10
LH:9
BRF:0
BRH:0
end_of_record
